<?xml version="1.0" encoding="UTF-8"?>
<!-- Generated by org.testng.reporters.JUnitReportReporter -->
<testsuite skipped="0" hostname="DESKTOP-HHQAO2M" name="runner.TestRunner" tests="4" failures="0" timestamp="23 Sep 2020 08:32:23 GMT" time="46.790" errors="0">
  <testcase name="runScenario" time="8.243" classname="runner.TestRunner"/>
  <testcase name="runScenario" time="8.003" classname="runner.TestRunner"/>
  <testcase name="runScenario" time="18.790" classname="runner.TestRunner"/>
  <testcase name="runScenario" time="11.754" classname="runner.TestRunner"/>
</testsuite> <!-- runner.TestRunner -->
