<?xml version="1.0" encoding="UTF-8"?>
<!-- Generated by org.testng.reporters.JUnitReportReporter -->
<testsuite skipped="0" hostname="DESKTOP-HHQAO2M" name="runner.TestRunner" tests="4" failures="0" timestamp="18 Aug 2020 11:16:38 GMT" time="61.610" errors="0">
  <testcase name="runScenario" time="14.883" classname="runner.TestRunner"/>
  <testcase name="runScenario" time="17.902" classname="runner.TestRunner"/>
  <testcase name="runScenario" time="14.195" classname="runner.TestRunner"/>
  <testcase name="runScenario" time="14.630" classname="runner.TestRunner"/>
</testsuite> <!-- runner.TestRunner -->
