<?xml version="1.0" encoding="UTF-8"?>
<!-- Generated by org.testng.reporters.JUnitReportReporter -->
<testsuite skipped="0" hostname="DESKTOP-HHQAO2M" name="runner.TestRunner" tests="4" failures="0" timestamp="18 Aug 2020 04:54:07 GMT" time="151.568" errors="0">
  <testcase name="runScenario" time="32.634" classname="runner.TestRunner"/>
  <testcase name="runScenario" time="35.460" classname="runner.TestRunner"/>
  <testcase name="runScenario" time="24.071" classname="runner.TestRunner"/>
  <testcase name="runScenario" time="59.403" classname="runner.TestRunner"/>
</testsuite> <!-- runner.TestRunner -->
